SF:lib\features\weather\data\models\weather_condition.dart
DA:4,2
DA:6,2
DA:8,2
DA:9,1
DA:10,1
DA:12,1
DA:13,1
DA:15,1
DA:16,1
DA:17,1
DA:18,1
DA:19,1
DA:20,1
DA:21,1
DA:22,1
DA:23,1
DA:24,1
DA:25,1
DA:26,1
DA:27,1
DA:28,1
DA:29,1
DA:30,1
DA:32,1
DA:33,1
DA:34,1
DA:35,1
DA:36,1
DA:37,1
LF:29
LH:29
end_of_record
SF:lib\features\weather\data\models\weather_now.dart
DA:5,2
DA:13,1
DA:14,1
DA:15,1
DA:16,1
DA:17,1
DA:18,1
DA:19,1
DA:20,1
DA:23,1
DA:24,0
DA:25,2
DA:26,2
DA:27,2
DA:28,2
DA:29,2
DA:30,2
DA:33,1
DA:36,1
DA:37,1
LF:20
LH:19
end_of_record
SF:lib\features\weather\domain\entities\weather_now.dart
DA:18,2
DA:26,0
DA:27,0
DA:28,0
DA:29,0
DA:30,0
DA:31,0
DA:32,0
DA:33,0
LF:9
LH:1
end_of_record
SF:lib\features\weather\presentation\weather_dashboard.dart
DA:4,1
DA:6,1
LF:2
LH:2
end_of_record
